[2m2021-11-21 00:00:21.557[0;39m [32m INFO[0;39m [35m22016[0;39m [2m---[0;39m [2m[io-9999-exec-10][0;39m [36mc.ssafy.vue.controller.BoardController  [0;39m [2m:[0;39m getArticle - 호출 : 2
[2m2021-11-21 00:00:21.605[0;39m [32m INFO[0;39m [35m22016[0;39m [2m---[0;39m [2m[nio-9999-exec-1][0;39m [36mc.ssafy.vue.controller.BoardController  [0;39m [2m:[0;39m listComment - 호출
[2m2021-11-21 00:10:31.035[0;39m [32m INFO[0;39m [35m22016[0;39m [2m---[0;39m [2m[nio-9999-exec-3][0;39m [36mc.ssafy.vue.controller.BoardController  [0;39m [2m:[0;39m listArticle - 호출
[2m2021-11-21 00:11:03.089[0;39m [32m INFO[0;39m [35m22016[0;39m [2m---[0;39m [2m[nio-9999-exec-5][0;39m [36mc.ssafy.vue.controller.BoardController  [0;39m [2m:[0;39m writeArticle - 호출
[2m2021-11-21 00:11:04.008[0;39m [32m INFO[0;39m [35m22016[0;39m [2m---[0;39m [2m[nio-9999-exec-6][0;39m [36mc.ssafy.vue.controller.BoardController  [0;39m [2m:[0;39m listArticle - 호출
[2m2021-11-21 00:11:05.527[0;39m [32m INFO[0;39m [35m22016[0;39m [2m---[0;39m [2m[nio-9999-exec-4][0;39m [36mc.ssafy.vue.controller.BoardController  [0;39m [2m:[0;39m getArticle - 호출 : 1
[2m2021-11-21 00:11:05.540[0;39m [32m INFO[0;39m [35m22016[0;39m [2m---[0;39m [2m[nio-9999-exec-8][0;39m [36mc.ssafy.vue.controller.BoardController  [0;39m [2m:[0;39m listComment - 호출
[2m2021-11-21 00:13:28.730[0;39m [32m INFO[0;39m [35m22016[0;39m [2m---[0;39m [2m[nio-9999-exec-9][0;39m [36mc.ssafy.vue.controller.BoardController  [0;39m [2m:[0;39m getArticle - 호출 : 1
[2m2021-11-21 00:13:28.743[0;39m [32m INFO[0;39m [35m22016[0;39m [2m---[0;39m [2m[io-9999-exec-10][0;39m [36mc.ssafy.vue.controller.BoardController  [0;39m [2m:[0;39m listComment - 호출
[2m2021-11-21 00:21:36.062[0;39m [32m INFO[0;39m [35m22016[0;39m [2m---[0;39m [2m[nio-9999-exec-2][0;39m [36mc.ssafy.vue.controller.BoardController  [0;39m [2m:[0;39m getArticle - 호출 : 1
[2m2021-11-21 00:21:36.080[0;39m [32m INFO[0;39m [35m22016[0;39m [2m---[0;39m [2m[nio-9999-exec-3][0;39m [36mc.ssafy.vue.controller.BoardController  [0;39m [2m:[0;39m listComment - 호출
[2m2021-11-21 00:28:56.967[0;39m [32m INFO[0;39m [35m22016[0;39m [2m---[0;39m [2m[nio-9999-exec-6][0;39m [36mc.ssafy.vue.controller.BoardController  [0;39m [2m:[0;39m getArticle - 호출 : 1
[2m2021-11-21 00:28:56.995[0;39m [32m INFO[0;39m [35m22016[0;39m [2m---[0;39m [2m[nio-9999-exec-4][0;39m [36mc.ssafy.vue.controller.BoardController  [0;39m [2m:[0;39m listComment - 호출
[2m2021-11-21 00:32:07.619[0;39m [32m INFO[0;39m [35m22016[0;39m [2m---[0;39m [2m[nio-9999-exec-7][0;39m [36mc.ssafy.vue.controller.BoardController  [0;39m [2m:[0;39m getArticle - 호출 : 1
[2m2021-11-21 00:32:07.632[0;39m [32m INFO[0;39m [35m22016[0;39m [2m---[0;39m [2m[nio-9999-exec-9][0;39m [36mc.ssafy.vue.controller.BoardController  [0;39m [2m:[0;39m listComment - 호출
[2m2021-11-21 00:32:10.757[0;39m [32m INFO[0;39m [35m22016[0;39m [2m---[0;39m [2m[io-9999-exec-10][0;39m [36mc.ssafy.vue.controller.BoardController  [0;39m [2m:[0;39m listArticle - 호출
[2m2021-11-21 00:32:12.011[0;39m [32m INFO[0;39m [35m22016[0;39m [2m---[0;39m [2m[nio-9999-exec-1][0;39m [36mc.ssafy.vue.controller.BoardController  [0;39m [2m:[0;39m getArticle - 호출 : 1
[2m2021-11-21 00:32:12.024[0;39m [32m INFO[0;39m [35m22016[0;39m [2m---[0;39m [2m[nio-9999-exec-2][0;39m [36mc.ssafy.vue.controller.BoardController  [0;39m [2m:[0;39m listComment - 호출
[2m2021-11-21 00:35:16.719[0;39m [32m INFO[0;39m [35m22016[0;39m [2m---[0;39m [2m[nio-9999-exec-5][0;39m [36mc.ssafy.vue.controller.BoardController  [0;39m [2m:[0;39m getArticle - 호출 : 1
[2m2021-11-21 00:35:16.742[0;39m [32m INFO[0;39m [35m22016[0;39m [2m---[0;39m [2m[nio-9999-exec-6][0;39m [36mc.ssafy.vue.controller.BoardController  [0;39m [2m:[0;39m getArticle - 호출 : 1
[2m2021-11-21 00:35:16.747[0;39m [32m INFO[0;39m [35m22016[0;39m [2m---[0;39m [2m[nio-9999-exec-4][0;39m [36mc.ssafy.vue.controller.BoardController  [0;39m [2m:[0;39m listComment - 호출
[2m2021-11-21 00:35:16.751[0;39m [32m INFO[0;39m [35m22016[0;39m [2m---[0;39m [2m[nio-9999-exec-8][0;39m [36mc.ssafy.vue.controller.BoardController  [0;39m [2m:[0;39m getArticle - 호출 : 1
[2m2021-11-21 00:35:16.756[0;39m [32m INFO[0;39m [35m22016[0;39m [2m---[0;39m [2m[nio-9999-exec-7][0;39m [36mc.ssafy.vue.controller.BoardController  [0;39m [2m:[0;39m listComment - 호출
[2m2021-11-21 00:35:16.763[0;39m [32m INFO[0;39m [35m22016[0;39m [2m---[0;39m [2m[nio-9999-exec-9][0;39m [36mc.ssafy.vue.controller.BoardController  [0;39m [2m:[0;39m listComment - 호출
[2m2021-11-21 00:35:30.509[0;39m [32m INFO[0;39m [35m22016[0;39m [2m---[0;39m [2m[io-9999-exec-10][0;39m [36mc.ssafy.vue.controller.BoardController  [0;39m [2m:[0;39m getArticle - 호출 : 1
[2m2021-11-21 00:35:30.536[0;39m [32m INFO[0;39m [35m22016[0;39m [2m---[0;39m [2m[nio-9999-exec-1][0;39m [36mc.ssafy.vue.controller.BoardController  [0;39m [2m:[0;39m listComment - 호출
[2m2021-11-21 00:39:14.301[0;39m [32m INFO[0;39m [35m22016[0;39m [2m---[0;39m [2m[nio-9999-exec-6][0;39m [36mc.ssafy.vue.controller.BoardController  [0;39m [2m:[0;39m getArticle - 호출 : 1
[2m2021-11-21 00:39:14.327[0;39m [32m INFO[0;39m [35m22016[0;39m [2m---[0;39m [2m[nio-9999-exec-4][0;39m [36mc.ssafy.vue.controller.BoardController  [0;39m [2m:[0;39m listComment - 호출
[2m2021-11-21 00:39:21.225[0;39m [32m INFO[0;39m [35m22016[0;39m [2m---[0;39m [2m[nio-9999-exec-7][0;39m [36mc.ssafy.vue.controller.BoardController  [0;39m [2m:[0;39m getArticle - 호출 : 1
[2m2021-11-21 00:39:21.252[0;39m [32m INFO[0;39m [35m22016[0;39m [2m---[0;39m [2m[nio-9999-exec-8][0;39m [36mc.ssafy.vue.controller.BoardController  [0;39m [2m:[0;39m listComment - 호출
[2m2021-11-21 00:39:52.000[0;39m [32m INFO[0;39m [35m22016[0;39m [2m---[0;39m [2m[nio-9999-exec-9][0;39m [36mc.ssafy.vue.controller.BoardController  [0;39m [2m:[0;39m getArticle - 호출 : 1
[2m2021-11-21 00:39:52.026[0;39m [32m INFO[0;39m [35m22016[0;39m [2m---[0;39m [2m[io-9999-exec-10][0;39m [36mc.ssafy.vue.controller.BoardController  [0;39m [2m:[0;39m listComment - 호출
[2m2021-11-21 00:40:12.149[0;39m [32m INFO[0;39m [35m22016[0;39m [2m---[0;39m [2m[nio-9999-exec-1][0;39m [36mc.ssafy.vue.controller.BoardController  [0;39m [2m:[0;39m getArticle - 호출 : 1
[2m2021-11-21 00:40:12.175[0;39m [32m INFO[0;39m [35m22016[0;39m [2m---[0;39m [2m[nio-9999-exec-2][0;39m [36mc.ssafy.vue.controller.BoardController  [0;39m [2m:[0;39m listComment - 호출
[2m2021-11-21 00:40:12.437[0;39m [32m INFO[0;39m [35m22016[0;39m [2m---[0;39m [2m[nio-9999-exec-3][0;39m [36mc.ssafy.vue.controller.BoardController  [0;39m [2m:[0;39m listArticle - 호출
[2m2021-11-21 00:40:16.630[0;39m [32m INFO[0;39m [35m22016[0;39m [2m---[0;39m [2m[nio-9999-exec-5][0;39m [36mc.ssafy.vue.controller.BoardController  [0;39m [2m:[0;39m getArticle - 호출 : 1
[2m2021-11-21 00:40:16.642[0;39m [32m INFO[0;39m [35m22016[0;39m [2m---[0;39m [2m[nio-9999-exec-6][0;39m [36mc.ssafy.vue.controller.BoardController  [0;39m [2m:[0;39m listComment - 호출
[2m2021-11-21 00:40:18.168[0;39m [32m INFO[0;39m [35m22016[0;39m [2m---[0;39m [2m[nio-9999-exec-4][0;39m [36mc.ssafy.vue.controller.BoardController  [0;39m [2m:[0;39m listArticle - 호출
[2m2021-11-21 00:40:19.072[0;39m [32m INFO[0;39m [35m22016[0;39m [2m---[0;39m [2m[nio-9999-exec-7][0;39m [36mc.ssafy.vue.controller.BoardController  [0;39m [2m:[0;39m getArticle - 호출 : 1
[2m2021-11-21 00:40:19.088[0;39m [32m INFO[0;39m [35m22016[0;39m [2m---[0;39m [2m[nio-9999-exec-8][0;39m [36mc.ssafy.vue.controller.BoardController  [0;39m [2m:[0;39m listComment - 호출
[2m2021-11-21 00:40:59.742[0;39m [32m INFO[0;39m [35m22016[0;39m [2m---[0;39m [2m[nio-9999-exec-9][0;39m [36mc.ssafy.vue.controller.BoardController  [0;39m [2m:[0;39m getArticle - 호출 : 1
[2m2021-11-21 00:40:59.760[0;39m [32m INFO[0;39m [35m22016[0;39m [2m---[0;39m [2m[io-9999-exec-10][0;39m [36mc.ssafy.vue.controller.BoardController  [0;39m [2m:[0;39m listComment - 호출
[2m2021-11-21 00:41:35.861[0;39m [32m INFO[0;39m [35m22016[0;39m [2m---[0;39m [2m[nio-9999-exec-1][0;39m [36mc.ssafy.vue.controller.BoardController  [0;39m [2m:[0;39m getArticle - 호출 : 1
[2m2021-11-21 00:41:35.897[0;39m [32m INFO[0;39m [35m22016[0;39m [2m---[0;39m [2m[nio-9999-exec-2][0;39m [36mc.ssafy.vue.controller.BoardController  [0;39m [2m:[0;39m listComment - 호출
[2m2021-11-21 00:42:08.130[0;39m [32m INFO[0;39m [35m22016[0;39m [2m---[0;39m [2m[nio-9999-exec-3][0;39m [36mc.ssafy.vue.controller.BoardController  [0;39m [2m:[0;39m getArticle - 호출 : 1
[2m2021-11-21 00:42:08.161[0;39m [32m INFO[0;39m [35m22016[0;39m [2m---[0;39m [2m[nio-9999-exec-5][0;39m [36mc.ssafy.vue.controller.BoardController  [0;39m [2m:[0;39m listComment - 호출
[2m2021-11-21 00:45:23.951[0;39m [32m INFO[0;39m [35m22016[0;39m [2m---[0;39m [2m[nio-9999-exec-4][0;39m [36mc.ssafy.vue.controller.BoardController  [0;39m [2m:[0;39m getArticle - 호출 : 1
[2m2021-11-21 00:45:23.966[0;39m [32m INFO[0;39m [35m22016[0;39m [2m---[0;39m [2m[nio-9999-exec-7][0;39m [36mc.ssafy.vue.controller.BoardController  [0;39m [2m:[0;39m listComment - 호출
[2m2021-11-21 00:45:57.180[0;39m [32m INFO[0;39m [35m22016[0;39m [2m---[0;39m [2m[nio-9999-exec-8][0;39m [36mc.ssafy.vue.controller.BoardController  [0;39m [2m:[0;39m getArticle - 호출 : 1
[2m2021-11-21 00:45:57.209[0;39m [32m INFO[0;39m [35m22016[0;39m [2m---[0;39m [2m[nio-9999-exec-9][0;39m [36mc.ssafy.vue.controller.BoardController  [0;39m [2m:[0;39m listComment - 호출
[2m2021-11-21 00:46:29.240[0;39m [32m INFO[0;39m [35m22016[0;39m [2m---[0;39m [2m[io-9999-exec-10][0;39m [36mc.ssafy.vue.controller.BoardController  [0;39m [2m:[0;39m getArticle - 호출 : 1
[2m2021-11-21 00:46:29.277[0;39m [32m INFO[0;39m [35m22016[0;39m [2m---[0;39m [2m[nio-9999-exec-1][0;39m [36mc.ssafy.vue.controller.BoardController  [0;39m [2m:[0;39m listComment - 호출
[2m2021-11-21 00:46:31.331[0;39m [32m INFO[0;39m [35m22016[0;39m [2m---[0;39m [2m[nio-9999-exec-2][0;39m [36mc.ssafy.vue.controller.BoardController  [0;39m [2m:[0;39m getArticle - 호출 : 1
[2m2021-11-21 00:46:31.360[0;39m [32m INFO[0;39m [35m22016[0;39m [2m---[0;39m [2m[nio-9999-exec-3][0;39m [36mc.ssafy.vue.controller.BoardController  [0;39m [2m:[0;39m listComment - 호출
[2m2021-11-21 00:46:41.073[0;39m [32m INFO[0;39m [35m22016[0;39m [2m---[0;39m [2m[nio-9999-exec-5][0;39m [36mc.ssafy.vue.controller.BoardController  [0;39m [2m:[0;39m getArticle - 호출 : 1
[2m2021-11-21 00:46:41.108[0;39m [32m INFO[0;39m [35m22016[0;39m [2m---[0;39m [2m[nio-9999-exec-6][0;39m [36mc.ssafy.vue.controller.BoardController  [0;39m [2m:[0;39m listComment - 호출
[2m2021-11-21 00:47:04.649[0;39m [32m INFO[0;39m [35m22016[0;39m [2m---[0;39m [2m[nio-9999-exec-4][0;39m [36mc.ssafy.vue.controller.BoardController  [0;39m [2m:[0;39m getArticle - 호출 : 1
[2m2021-11-21 00:47:04.666[0;39m [32m INFO[0;39m [35m22016[0;39m [2m---[0;39m [2m[nio-9999-exec-7][0;39m [36mc.ssafy.vue.controller.BoardController  [0;39m [2m:[0;39m listComment - 호출
[2m2021-11-21 00:47:15.941[0;39m [32m INFO[0;39m [35m22016[0;39m [2m---[0;39m [2m[nio-9999-exec-8][0;39m [36mc.ssafy.vue.controller.BoardController  [0;39m [2m:[0;39m writeComment - 호출
[2m2021-11-21 00:47:18.096[0;39m [32m INFO[0;39m [35m22016[0;39m [2m---[0;39m [2m[nio-9999-exec-9][0;39m [36mc.ssafy.vue.controller.BoardController  [0;39m [2m:[0;39m getArticle - 호출 : 1
[2m2021-11-21 00:47:18.127[0;39m [32m INFO[0;39m [35m22016[0;39m [2m---[0;39m [2m[io-9999-exec-10][0;39m [36mc.ssafy.vue.controller.BoardController  [0;39m [2m:[0;39m listComment - 호출
[2m2021-11-21 00:48:38.405[0;39m [32m INFO[0;39m [35m22016[0;39m [2m---[0;39m [2m[nio-9999-exec-2][0;39m [36mc.ssafy.vue.controller.BoardController  [0;39m [2m:[0;39m getArticle - 호출 : 1
[2m2021-11-21 00:48:38.439[0;39m [32m INFO[0;39m [35m22016[0;39m [2m---[0;39m [2m[nio-9999-exec-3][0;39m [36mc.ssafy.vue.controller.BoardController  [0;39m [2m:[0;39m listComment - 호출
[2m2021-11-21 00:48:42.862[0;39m [32m INFO[0;39m [35m22016[0;39m [2m---[0;39m [2m[nio-9999-exec-5][0;39m [36mc.ssafy.vue.controller.BoardController  [0;39m [2m:[0;39m writeComment - 호출
[2m2021-11-21 00:48:44.434[0;39m [32m INFO[0;39m [35m22016[0;39m [2m---[0;39m [2m[nio-9999-exec-6][0;39m [36mc.ssafy.vue.controller.BoardController  [0;39m [2m:[0;39m getArticle - 호출 : 1
[2m2021-11-21 00:48:44.463[0;39m [32m INFO[0;39m [35m22016[0;39m [2m---[0;39m [2m[nio-9999-exec-4][0;39m [36mc.ssafy.vue.controller.BoardController  [0;39m [2m:[0;39m listComment - 호출
[2m2021-11-21 00:50:37.342[0;39m [32m INFO[0;39m [35m22016[0;39m [2m---[0;39m [2m[nio-9999-exec-8][0;39m [36mc.ssafy.vue.controller.BoardController  [0;39m [2m:[0;39m getArticle - 호출 : 1
[2m2021-11-21 00:50:37.371[0;39m [32m INFO[0;39m [35m22016[0;39m [2m---[0;39m [2m[nio-9999-exec-9][0;39m [36mc.ssafy.vue.controller.BoardController  [0;39m [2m:[0;39m listComment - 호출
[2m2021-11-21 00:50:44.254[0;39m [32m INFO[0;39m [35m22016[0;39m [2m---[0;39m [2m[io-9999-exec-10][0;39m [36mc.ssafy.vue.controller.BoardController  [0;39m [2m:[0;39m writeComment - 호출
[2m2021-11-21 00:50:46.542[0;39m [32m INFO[0;39m [35m22016[0;39m [2m---[0;39m [2m[nio-9999-exec-1][0;39m [36mc.ssafy.vue.controller.BoardController  [0;39m [2m:[0;39m getArticle - 호출 : 1
[2m2021-11-21 00:50:46.572[0;39m [32m INFO[0;39m [35m22016[0;39m [2m---[0;39m [2m[nio-9999-exec-2][0;39m [36mc.ssafy.vue.controller.BoardController  [0;39m [2m:[0;39m listComment - 호출
[2m2021-11-21 00:50:56.410[0;39m [32m INFO[0;39m [35m22016[0;39m [2m---[0;39m [2m[nio-9999-exec-3][0;39m [36mc.ssafy.vue.controller.BoardController  [0;39m [2m:[0;39m listArticle - 호출
[2m2021-11-21 00:51:03.682[0;39m [32m INFO[0;39m [35m22016[0;39m [2m---[0;39m [2m[nio-9999-exec-5][0;39m [36mc.ssafy.vue.controller.BoardController  [0;39m [2m:[0;39m writeArticle - 호출
[2m2021-11-21 00:51:04.440[0;39m [32m INFO[0;39m [35m22016[0;39m [2m---[0;39m [2m[nio-9999-exec-6][0;39m [36mc.ssafy.vue.controller.BoardController  [0;39m [2m:[0;39m listArticle - 호출
[2m2021-11-21 00:51:05.505[0;39m [32m INFO[0;39m [35m22016[0;39m [2m---[0;39m [2m[nio-9999-exec-4][0;39m [36mc.ssafy.vue.controller.BoardController  [0;39m [2m:[0;39m getArticle - 호출 : 2
[2m2021-11-21 00:51:05.516[0;39m [32m INFO[0;39m [35m22016[0;39m [2m---[0;39m [2m[nio-9999-exec-7][0;39m [36mc.ssafy.vue.controller.BoardController  [0;39m [2m:[0;39m listComment - 호출
[2m2021-11-21 00:51:14.765[0;39m [32m INFO[0;39m [35m22016[0;39m [2m---[0;39m [2m[nio-9999-exec-8][0;39m [36mc.ssafy.vue.controller.BoardController  [0;39m [2m:[0;39m writeComment - 호출
[2m2021-11-21 00:51:16.512[0;39m [32m INFO[0;39m [35m22016[0;39m [2m---[0;39m [2m[nio-9999-exec-9][0;39m [36mc.ssafy.vue.controller.BoardController  [0;39m [2m:[0;39m getArticle - 호출 : 2
[2m2021-11-21 00:51:16.548[0;39m [32m INFO[0;39m [35m22016[0;39m [2m---[0;39m [2m[io-9999-exec-10][0;39m [36mc.ssafy.vue.controller.BoardController  [0;39m [2m:[0;39m listComment - 호출
[2m2021-11-21 00:53:26.979[0;39m [32m INFO[0;39m [35m22016[0;39m [2m---[0;39m [2m[nio-9999-exec-2][0;39m [36mc.ssafy.vue.controller.BoardController  [0;39m [2m:[0;39m writeComment - 호출
[2m2021-11-21 00:53:28.533[0;39m [32m INFO[0;39m [35m22016[0;39m [2m---[0;39m [2m[nio-9999-exec-3][0;39m [36mc.ssafy.vue.controller.BoardController  [0;39m [2m:[0;39m getArticle - 호출 : 2
[2m2021-11-21 00:53:28.565[0;39m [32m INFO[0;39m [35m22016[0;39m [2m---[0;39m [2m[nio-9999-exec-5][0;39m [36mc.ssafy.vue.controller.BoardController  [0;39m [2m:[0;39m listComment - 호출
[2m2021-11-21 00:54:22.931[0;39m [32m INFO[0;39m [35m22016[0;39m [2m---[0;39m [2m[nio-9999-exec-6][0;39m [36mc.ssafy.vue.controller.BoardController  [0;39m [2m:[0;39m writeComment - 호출
[2m2021-11-21 00:54:24.781[0;39m [32m INFO[0;39m [35m22016[0;39m [2m---[0;39m [2m[nio-9999-exec-4][0;39m [36mc.ssafy.vue.controller.BoardController  [0;39m [2m:[0;39m getArticle - 호출 : 2
[2m2021-11-21 00:54:24.818[0;39m [32m INFO[0;39m [35m22016[0;39m [2m---[0;39m [2m[nio-9999-exec-7][0;39m [36mc.ssafy.vue.controller.BoardController  [0;39m [2m:[0;39m listComment - 호출
[2m2021-11-21 00:57:20.997[0;39m [32m INFO[0;39m [35m22016[0;39m [2m---[0;39m [2m[nio-9999-exec-9][0;39m [36mc.ssafy.vue.controller.BoardController  [0;39m [2m:[0;39m getArticle - 호출 : 2
[2m2021-11-21 00:57:21.033[0;39m [32m INFO[0;39m [35m22016[0;39m [2m---[0;39m [2m[io-9999-exec-10][0;39m [36mc.ssafy.vue.controller.BoardController  [0;39m [2m:[0;39m listComment - 호출
[2m2021-11-21 01:01:15.560[0;39m [32m INFO[0;39m [35m22016[0;39m [2m---[0;39m [2m[nio-9999-exec-2][0;39m [36mc.ssafy.vue.controller.BoardController  [0;39m [2m:[0;39m getArticle - 호출 : 2
[2m2021-11-21 01:01:15.609[0;39m [32m INFO[0;39m [35m22016[0;39m [2m---[0;39m [2m[nio-9999-exec-3][0;39m [36mc.ssafy.vue.controller.BoardController  [0;39m [2m:[0;39m listComment - 호출
[2m2021-11-21 01:04:21.011[0;39m [32m INFO[0;39m [35m22016[0;39m [2m---[0;39m [2m[nio-9999-exec-6][0;39m [36mc.ssafy.vue.controller.BoardController  [0;39m [2m:[0;39m writeComment - 호출
[2m2021-11-21 01:04:22.878[0;39m [32m INFO[0;39m [35m22016[0;39m [2m---[0;39m [2m[nio-9999-exec-4][0;39m [36mc.ssafy.vue.controller.BoardController  [0;39m [2m:[0;39m getArticle - 호출 : 2
[2m2021-11-21 01:04:22.910[0;39m [32m INFO[0;39m [35m22016[0;39m [2m---[0;39m [2m[nio-9999-exec-7][0;39m [36mc.ssafy.vue.controller.BoardController  [0;39m [2m:[0;39m listComment - 호출
[2m2021-11-21 01:06:20.853[0;39m [32m INFO[0;39m [35m22016[0;39m [2m---[0;39m [2m[nio-9999-exec-9][0;39m [36mc.ssafy.vue.controller.BoardController  [0;39m [2m:[0;39m getArticle - 호출 : 2
[2m2021-11-21 01:06:20.866[0;39m [32m INFO[0;39m [35m22016[0;39m [2m---[0;39m [2m[io-9999-exec-10][0;39m [36mc.ssafy.vue.controller.BoardController  [0;39m [2m:[0;39m listComment - 호출
[2m2021-11-21 01:12:38.382[0;39m [32m INFO[0;39m [35m22016[0;39m [2m---[0;39m [2m[nio-9999-exec-2][0;39m [36mc.ssafy.vue.controller.BoardController  [0;39m [2m:[0;39m getArticle - 호출 : 2
[2m2021-11-21 01:12:38.394[0;39m [32m INFO[0;39m [35m22016[0;39m [2m---[0;39m [2m[nio-9999-exec-3][0;39m [36mc.ssafy.vue.controller.BoardController  [0;39m [2m:[0;39m listComment - 호출
[2m2021-11-21 01:12:45.474[0;39m [32m INFO[0;39m [35m22016[0;39m [2m---[0;39m [2m[nio-9999-exec-5][0;39m [36mc.ssafy.vue.controller.BoardController  [0;39m [2m:[0;39m getArticle - 호출 : 2
[2m2021-11-21 01:12:45.505[0;39m [32m INFO[0;39m [35m22016[0;39m [2m---[0;39m [2m[nio-9999-exec-6][0;39m [36mc.ssafy.vue.controller.BoardController  [0;39m [2m:[0;39m listComment - 호출
[2m2021-11-21 01:13:02.658[0;39m [32m INFO[0;39m [35m22016[0;39m [2m---[0;39m [2m[nio-9999-exec-4][0;39m [36mc.ssafy.vue.controller.BoardController  [0;39m [2m:[0;39m getArticle - 호출 : 2
[2m2021-11-21 01:13:02.673[0;39m [32m INFO[0;39m [35m22016[0;39m [2m---[0;39m [2m[nio-9999-exec-7][0;39m [36mc.ssafy.vue.controller.BoardController  [0;39m [2m:[0;39m listComment - 호출
[2m2021-11-21 01:13:17.751[0;39m [32m INFO[0;39m [35m22016[0;39m [2m---[0;39m [2m[nio-9999-exec-8][0;39m [36mc.ssafy.vue.controller.BoardController  [0;39m [2m:[0;39m getArticle - 호출 : 2
[2m2021-11-21 01:13:17.765[0;39m [32m INFO[0;39m [35m22016[0;39m [2m---[0;39m [2m[nio-9999-exec-9][0;39m [36mc.ssafy.vue.controller.BoardController  [0;39m [2m:[0;39m listComment - 호출
[2m2021-11-21 01:13:37.348[0;39m [32m INFO[0;39m [35m22016[0;39m [2m---[0;39m [2m[io-9999-exec-10][0;39m [36mc.ssafy.vue.controller.BoardController  [0;39m [2m:[0;39m listArticle - 호출
[2m2021-11-21 01:13:38.222[0;39m [32m INFO[0;39m [35m22016[0;39m [2m---[0;39m [2m[nio-9999-exec-1][0;39m [36mc.ssafy.vue.controller.BoardController  [0;39m [2m:[0;39m getArticle - 호출 : 1
[2m2021-11-21 01:13:38.232[0;39m [32m INFO[0;39m [35m22016[0;39m [2m---[0;39m [2m[nio-9999-exec-2][0;39m [36mc.ssafy.vue.controller.BoardController  [0;39m [2m:[0;39m listComment - 호출
[2m2021-11-21 01:14:01.274[0;39m [32m INFO[0;39m [35m22016[0;39m [2m---[0;39m [2m[nio-9999-exec-3][0;39m [36mc.ssafy.vue.controller.BoardController  [0;39m [2m:[0;39m getArticle - 호출 : 1
[2m2021-11-21 01:14:01.302[0;39m [32m INFO[0;39m [35m22016[0;39m [2m---[0;39m [2m[nio-9999-exec-5][0;39m [36mc.ssafy.vue.controller.BoardController  [0;39m [2m:[0;39m listComment - 호출
[2m2021-11-21 01:14:26.526[0;39m [32m INFO[0;39m [35m22016[0;39m [2m---[0;39m [2m[nio-9999-exec-6][0;39m [36mc.ssafy.vue.controller.BoardController  [0;39m [2m:[0;39m writeComment - 호출
[2m2021-11-21 01:14:28.722[0;39m [32m INFO[0;39m [35m22016[0;39m [2m---[0;39m [2m[nio-9999-exec-4][0;39m [36mc.ssafy.vue.controller.BoardController  [0;39m [2m:[0;39m getArticle - 호출 : 1
[2m2021-11-21 01:14:28.751[0;39m [32m INFO[0;39m [35m22016[0;39m [2m---[0;39m [2m[nio-9999-exec-7][0;39m [36mc.ssafy.vue.controller.BoardController  [0;39m [2m:[0;39m listComment - 호출
[2m2021-11-21 01:15:58.627[0;39m [32m INFO[0;39m [35m22016[0;39m [2m---[0;39m [2m[nio-9999-exec-9][0;39m [36mc.ssafy.vue.controller.BoardController  [0;39m [2m:[0;39m writeComment - 호출
[2m2021-11-21 01:16:00.340[0;39m [32m INFO[0;39m [35m22016[0;39m [2m---[0;39m [2m[io-9999-exec-10][0;39m [36mc.ssafy.vue.controller.BoardController  [0;39m [2m:[0;39m getArticle - 호출 : 1
[2m2021-11-21 01:16:00.367[0;39m [32m INFO[0;39m [35m22016[0;39m [2m---[0;39m [2m[nio-9999-exec-1][0;39m [36mc.ssafy.vue.controller.BoardController  [0;39m [2m:[0;39m listComment - 호출
[2m2021-11-21 01:24:20.873[0;39m [32m INFO[0;39m [35m22016[0;39m [2m---[0;39m [2m[nio-9999-exec-5][0;39m [36mc.ssafy.vue.controller.BoardController  [0;39m [2m:[0;39m writeComment - 호출
[2m2021-11-21 01:24:22.189[0;39m [32m INFO[0;39m [35m22016[0;39m [2m---[0;39m [2m[nio-9999-exec-6][0;39m [36mc.ssafy.vue.controller.BoardController  [0;39m [2m:[0;39m getArticle - 호출 : 1
[2m2021-11-21 01:24:22.205[0;39m [32m INFO[0;39m [35m22016[0;39m [2m---[0;39m [2m[nio-9999-exec-4][0;39m [36mc.ssafy.vue.controller.BoardController  [0;39m [2m:[0;39m listComment - 호출
[2m2021-11-21 01:31:47.387[0;39m [32m INFO[0;39m [35m22016[0;39m [2m---[0;39m [2m[nio-9999-exec-8][0;39m [36mc.ssafy.vue.controller.BoardController  [0;39m [2m:[0;39m listArticle - 호출
[2m2021-11-21 01:31:49.640[0;39m [32m INFO[0;39m [35m22016[0;39m [2m---[0;39m [2m[nio-9999-exec-9][0;39m [36mc.ssafy.vue.controller.BoardController  [0;39m [2m:[0;39m getArticle - 호출 : 1
[2m2021-11-21 01:31:49.652[0;39m [32m INFO[0;39m [35m22016[0;39m [2m---[0;39m [2m[io-9999-exec-10][0;39m [36mc.ssafy.vue.controller.BoardController  [0;39m [2m:[0;39m listComment - 호출
[2m2021-11-21 01:31:53.675[0;39m [32m INFO[0;39m [35m22016[0;39m [2m---[0;39m [2m[nio-9999-exec-1][0;39m [36mc.ssafy.vue.controller.BoardController  [0;39m [2m:[0;39m listArticle - 호출
[2m2021-11-21 01:36:09.389[0;39m [32m INFO[0;39m [35m22016[0;39m [2m---[0;39m [2m[nio-9999-exec-3][0;39m [36mc.s.vue.controller.HouseMapController   [0;39m [2m:[0;39m sido - 호출
[2m2021-11-21 01:36:10.779[0;39m [32m INFO[0;39m [35m22016[0;39m [2m---[0;39m [2m[nio-9999-exec-5][0;39m [36mc.s.vue.controller.HouseMapController   [0;39m [2m:[0;39m gugun - 호출
[2m2021-11-21 01:36:18.396[0;39m [32m INFO[0;39m [35m22016[0;39m [2m---[0;39m [2m[nio-9999-exec-6][0;39m [36mc.ssafy.vue.controller.BoardController  [0;39m [2m:[0;39m listArticle - 호출
[2m2021-11-21 01:36:19.771[0;39m [32m INFO[0;39m [35m22016[0;39m [2m---[0;39m [2m[nio-9999-exec-4][0;39m [36mc.ssafy.vue.controller.BoardController  [0;39m [2m:[0;39m getArticle - 호출 : 2
[2m2021-11-21 01:36:19.782[0;39m [32m INFO[0;39m [35m22016[0;39m [2m---[0;39m [2m[nio-9999-exec-7][0;39m [36mc.ssafy.vue.controller.BoardController  [0;39m [2m:[0;39m listComment - 호출
[2m2021-11-21 01:36:47.379[0;39m [32m INFO[0;39m [35m22016[0;39m [2m---[0;39m [2m[nio-9999-exec-8][0;39m [36mc.ssafy.vue.controller.BoardController  [0;39m [2m:[0;39m listArticle - 호출
[2m2021-11-21 01:36:48.358[0;39m [32m INFO[0;39m [35m22016[0;39m [2m---[0;39m [2m[nio-9999-exec-9][0;39m [36mc.ssafy.vue.controller.BoardController  [0;39m [2m:[0;39m getArticle - 호출 : 2
[2m2021-11-21 01:36:48.370[0;39m [32m INFO[0;39m [35m22016[0;39m [2m---[0;39m [2m[io-9999-exec-10][0;39m [36mc.ssafy.vue.controller.BoardController  [0;39m [2m:[0;39m listComment - 호출
[2m2021-11-21 01:49:56.838[0;39m [32m INFO[0;39m [35m22016[0;39m [2m---[0;39m [2m[nio-9999-exec-2][0;39m [36mc.ssafy.vue.controller.BoardController  [0;39m [2m:[0;39m getArticle - 호출 : 2
[2m2021-11-21 01:49:56.869[0;39m [32m INFO[0;39m [35m22016[0;39m [2m---[0;39m [2m[nio-9999-exec-3][0;39m [36mc.ssafy.vue.controller.BoardController  [0;39m [2m:[0;39m listComment - 호출
[2m2021-11-21 01:50:24.417[0;39m [32m INFO[0;39m [35m22016[0;39m [2m---[0;39m [2m[nio-9999-exec-5][0;39m [36mc.ssafy.vue.controller.BoardController  [0;39m [2m:[0;39m getArticle - 호출 : 2
[2m2021-11-21 01:50:24.459[0;39m [32m INFO[0;39m [35m22016[0;39m [2m---[0;39m [2m[nio-9999-exec-6][0;39m [36mc.ssafy.vue.controller.BoardController  [0;39m [2m:[0;39m listComment - 호출
[2m2021-11-21 01:50:52.981[0;39m [32m INFO[0;39m [35m22016[0;39m [2m---[0;39m [2m[nio-9999-exec-4][0;39m [36mc.ssafy.vue.controller.BoardController  [0;39m [2m:[0;39m getArticle - 호출 : 2
[2m2021-11-21 01:50:52.993[0;39m [32m INFO[0;39m [35m22016[0;39m [2m---[0;39m [2m[nio-9999-exec-7][0;39m [36mc.ssafy.vue.controller.BoardController  [0;39m [2m:[0;39m listComment - 호출
[2m2021-11-21 01:50:57.294[0;39m [32m INFO[0;39m [35m22016[0;39m [2m---[0;39m [2m[nio-9999-exec-8][0;39m [36mc.ssafy.vue.controller.BoardController  [0;39m [2m:[0;39m listArticle - 호출
[2m2021-11-21 01:50:59.289[0;39m [32m INFO[0;39m [35m22016[0;39m [2m---[0;39m [2m[nio-9999-exec-9][0;39m [36mc.ssafy.vue.controller.BoardController  [0;39m [2m:[0;39m getArticle - 호출 : 1
[2m2021-11-21 01:50:59.300[0;39m [32m INFO[0;39m [35m22016[0;39m [2m---[0;39m [2m[io-9999-exec-10][0;39m [36mc.ssafy.vue.controller.BoardController  [0;39m [2m:[0;39m listComment - 호출
[2m2021-11-21 01:51:01.157[0;39m [32m INFO[0;39m [35m22016[0;39m [2m---[0;39m [2m[nio-9999-exec-1][0;39m [36mc.ssafy.vue.controller.BoardController  [0;39m [2m:[0;39m listArticle - 호출
[2m2021-11-21 01:51:01.908[0;39m [32m INFO[0;39m [35m22016[0;39m [2m---[0;39m [2m[nio-9999-exec-2][0;39m [36mc.ssafy.vue.controller.BoardController  [0;39m [2m:[0;39m getArticle - 호출 : 2
[2m2021-11-21 01:51:01.920[0;39m [32m INFO[0;39m [35m22016[0;39m [2m---[0;39m [2m[nio-9999-exec-3][0;39m [36mc.ssafy.vue.controller.BoardController  [0;39m [2m:[0;39m listComment - 호출
[2m2021-11-21 01:51:05.956[0;39m [32m INFO[0;39m [35m22016[0;39m [2m---[0;39m [2m[nio-9999-exec-5][0;39m [36mc.ssafy.vue.controller.BoardController  [0;39m [2m:[0;39m writeComment - 호출
[2m2021-11-21 01:51:07.166[0;39m [32m INFO[0;39m [35m22016[0;39m [2m---[0;39m [2m[nio-9999-exec-6][0;39m [36mc.ssafy.vue.controller.BoardController  [0;39m [2m:[0;39m getArticle - 호출 : 2
[2m2021-11-21 01:51:07.193[0;39m [32m INFO[0;39m [35m22016[0;39m [2m---[0;39m [2m[nio-9999-exec-4][0;39m [36mc.ssafy.vue.controller.BoardController  [0;39m [2m:[0;39m listComment - 호출
[2m2021-11-21 01:51:10.661[0;39m [32m INFO[0;39m [35m22016[0;39m [2m---[0;39m [2m[nio-9999-exec-7][0;39m [36mc.ssafy.vue.controller.BoardController  [0;39m [2m:[0;39m listArticle - 호출
[2m2021-11-21 01:51:14.760[0;39m [32m INFO[0;39m [35m22016[0;39m [2m---[0;39m [2m[nio-9999-exec-8][0;39m [36mc.ssafy.vue.controller.BoardController  [0;39m [2m:[0;39m getArticle - 호출 : 1
[2m2021-11-21 01:51:14.774[0;39m [32m INFO[0;39m [35m22016[0;39m [2m---[0;39m [2m[nio-9999-exec-9][0;39m [36mc.ssafy.vue.controller.BoardController  [0;39m [2m:[0;39m listComment - 호출
[2m2021-11-21 02:00:14.253[0;39m [32mDEBUG[0;39m [35m22016[0;39m [2m---[0;39m [2m[nio-9999-exec-2][0;39m [36mc.ssafy.vue.controller.MemberController [0;39m [2m:[0;39m 로그인 토큰정보 : eyJ0eXAiOiJKV1QiLCJyZWdEYXRlIjoxNjM3NDI3NjE0MjUyLCJhbGciOiJIUzI1NiJ9.eyJleHAiOjE2Mzc0MzEyMTQsInN1YiI6ImFjY2Vzcy10b2tlbiIsInVzZXJpZCI6InNzYWZ5In0.OEnMTCmRvj3hlXaHXAUQADDlokBRa8YkuD9Qh0XukkE
[2m2021-11-21 02:00:14.277[0;39m [32m INFO[0;39m [35m22016[0;39m [2m---[0;39m [2m[nio-9999-exec-5][0;39m [36mc.ssafy.vue.controller.MemberController [0;39m [2m:[0;39m 사용 가능한 토큰!!!
[2m2021-11-21 02:00:43.775[0;39m [32m INFO[0;39m [35m22016[0;39m [2m---[0;39m [2m[nio-9999-exec-6][0;39m [36mc.ssafy.vue.controller.BoardController  [0;39m [2m:[0;39m listArticle - 호출
[2m2021-11-21 02:01:44.285[0;39m [32m INFO[0;39m [35m22016[0;39m [2m---[0;39m [2m[nio-9999-exec-7][0;39m [36mc.ssafy.vue.controller.BoardController  [0;39m [2m:[0;39m getArticle - 호출 : 2
[2m2021-11-21 02:01:44.301[0;39m [32m INFO[0;39m [35m22016[0;39m [2m---[0;39m [2m[nio-9999-exec-8][0;39m [36mc.ssafy.vue.controller.BoardController  [0;39m [2m:[0;39m listComment - 호출
[2m2021-11-21 02:06:00.480[0;39m [32m INFO[0;39m [35m22016[0;39m [2m---[0;39m [2m[io-9999-exec-10][0;39m [36mc.ssafy.vue.controller.BoardController  [0;39m [2m:[0;39m getArticle - 호출 : 2
[2m2021-11-21 02:06:00.497[0;39m [32m INFO[0;39m [35m22016[0;39m [2m---[0;39m [2m[nio-9999-exec-1][0;39m [36mc.ssafy.vue.controller.BoardController  [0;39m [2m:[0;39m listComment - 호출
[2m2021-11-21 02:07:48.244[0;39m [32m INFO[0;39m [35m22016[0;39m [2m---[0;39m [2m[nio-9999-exec-3][0;39m [36mc.ssafy.vue.controller.BoardController  [0;39m [2m:[0;39m getArticle - 호출 : 2
[2m2021-11-21 02:07:48.260[0;39m [32m INFO[0;39m [35m22016[0;39m [2m---[0;39m [2m[nio-9999-exec-5][0;39m [36mc.ssafy.vue.controller.BoardController  [0;39m [2m:[0;39m listComment - 호출
[2m2021-11-21 02:07:49.890[0;39m [32m INFO[0;39m [35m22016[0;39m [2m---[0;39m [2m[  restartedMain][0;39m [36mo.s.b.w.embedded.tomcat.TomcatWebServer [0;39m [2m:[0;39m Tomcat initialized with port(s): 9999 (http)
[2m2021-11-21 02:07:49.902[0;39m [32m INFO[0;39m [35m22016[0;39m [2m---[0;39m [2m[  restartedMain][0;39m [36mw.s.c.ServletWebServerApplicationContext[0;39m [2m:[0;39m Root WebApplicationContext: initialization completed in 320 ms
[2m2021-11-21 02:07:50.038[0;39m [32m INFO[0;39m [35m22016[0;39m [2m---[0;39m [2m[  restartedMain][0;39m [36mo.s.b.d.a.OptionalLiveReloadServer      [0;39m [2m:[0;39m LiveReload server is running on port 35729
[2m2021-11-21 02:07:50.091[0;39m [32m INFO[0;39m [35m22016[0;39m [2m---[0;39m [2m[  restartedMain][0;39m [36mo.s.b.w.embedded.tomcat.TomcatWebServer [0;39m [2m:[0;39m Tomcat started on port(s): 9999 (http) with context path '/vue'
[2m2021-11-21 02:07:50.135[0;39m [32m INFO[0;39m [35m22016[0;39m [2m---[0;39m [2m[  restartedMain][0;39m [36m.ConditionEvaluationDeltaLoggingListener[0;39m [2m:[0;39m Condition evaluation unchanged
[2m2021-11-21 02:07:50.277[0;39m [32m INFO[0;39m [35m22016[0;39m [2m---[0;39m [2m[nio-9999-exec-1][0;39m [36mo.s.web.servlet.DispatcherServlet       [0;39m [2m:[0;39m Initializing Servlet 'dispatcherServlet'
[2m2021-11-21 02:07:50.279[0;39m [32m INFO[0;39m [35m22016[0;39m [2m---[0;39m [2m[nio-9999-exec-1][0;39m [36mo.s.web.servlet.DispatcherServlet       [0;39m [2m:[0;39m Completed initialization in 1 ms
[2m2021-11-21 02:07:50.281[0;39m [32m INFO[0;39m [35m22016[0;39m [2m---[0;39m [2m[nio-9999-exec-1][0;39m [36mc.ssafy.vue.controller.BoardController  [0;39m [2m:[0;39m getArticle - 호출 : 2
[2m2021-11-21 02:07:50.314[0;39m [32m INFO[0;39m [35m22016[0;39m [2m---[0;39m [2m[nio-9999-exec-2][0;39m [36mc.ssafy.vue.controller.BoardController  [0;39m [2m:[0;39m listComment - 호출
[2m2021-11-21 02:10:14.499[0;39m [32m INFO[0;39m [35m22016[0;39m [2m---[0;39m [2m[nio-9999-exec-4][0;39m [36mc.ssafy.vue.controller.BoardController  [0;39m [2m:[0;39m getArticle - 호출 : 2
[2m2021-11-21 02:10:14.512[0;39m [32m INFO[0;39m [35m22016[0;39m [2m---[0;39m [2m[nio-9999-exec-5][0;39m [36mc.ssafy.vue.controller.BoardController  [0;39m [2m:[0;39m listComment - 호출
[2m2021-11-21 02:13:30.732[0;39m [32m INFO[0;39m [35m22016[0;39m [2m---[0;39m [2m[nio-9999-exec-7][0;39m [36mc.ssafy.vue.controller.BoardController  [0;39m [2m:[0;39m getArticle - 호출 : 2
[2m2021-11-21 02:13:30.746[0;39m [32m INFO[0;39m [35m22016[0;39m [2m---[0;39m [2m[nio-9999-exec-8][0;39m [36mc.ssafy.vue.controller.BoardController  [0;39m [2m:[0;39m listComment - 호출
[2m2021-11-21 02:14:09.995[0;39m [32m INFO[0;39m [35m22016[0;39m [2m---[0;39m [2m[nio-9999-exec-9][0;39m [36mc.ssafy.vue.controller.BoardController  [0;39m [2m:[0;39m getArticle - 호출 : 2
[2m2021-11-21 02:14:10.006[0;39m [32m INFO[0;39m [35m22016[0;39m [2m---[0;39m [2m[io-9999-exec-10][0;39m [36mc.ssafy.vue.controller.BoardController  [0;39m [2m:[0;39m listComment - 호출
[2m2021-11-21 02:24:12.261[0;39m [32m INFO[0;39m [35m22016[0;39m [2m---[0;39m [2m[nio-9999-exec-2][0;39m [36mc.ssafy.vue.controller.BoardController  [0;39m [2m:[0;39m getArticle - 호출 : 2
[2m2021-11-21 02:24:12.273[0;39m [32m INFO[0;39m [35m22016[0;39m [2m---[0;39m [2m[nio-9999-exec-3][0;39m [36mc.ssafy.vue.controller.BoardController  [0;39m [2m:[0;39m listComment - 호출
[2m2021-11-21 02:31:03.620[0;39m [32m INFO[0;39m [35m22016[0;39m [2m---[0;39m [2m[nio-9999-exec-5][0;39m [36mc.ssafy.vue.controller.BoardController  [0;39m [2m:[0;39m listArticle - 호출
[2m2021-11-21 02:31:24.171[0;39m [32m INFO[0;39m [35m22016[0;39m [2m---[0;39m [2m[nio-9999-exec-6][0;39m [36mc.ssafy.vue.controller.BoardController  [0;39m [2m:[0;39m getArticle - 호출 : 1
[2m2021-11-21 02:31:24.184[0;39m [32m INFO[0;39m [35m22016[0;39m [2m---[0;39m [2m[nio-9999-exec-7][0;39m [36mc.ssafy.vue.controller.BoardController  [0;39m [2m:[0;39m listComment - 호출
[2m2021-11-21 02:31:47.874[0;39m [32m INFO[0;39m [35m22016[0;39m [2m---[0;39m [2m[on(2)-127.0.0.1][0;39m [36minMXBeanRegistrar$SpringApplicationAdmin[0;39m [2m:[0;39m Application shutdown requested.
